<?xml version="1.0" encoding="UTF-8"?>
<testsuite xmlns:xsi="http://www.w3.org/2001/XMLSchema-instance" xsi:noNamespaceSchemaLocation="https://maven.apache.org/surefire/maven-surefire-plugin/xsd/surefire-test-report.xsd" name="praktikum.OrderBurgerTest" time="66.594" tests="6" errors="0" skipped="0" failures="3">
  <properties>
[...]
</properties>
  <testcase name="orderBurgerAuthTest" classname="praktikum.OrderBurgerTest" time="0.166">
    <failure message="1 expectation failed.&#10;Expected status code &lt;200&gt; but was &lt;429&gt;.&#10;" type="java.lang.AssertionError"><![CDATA[java.lang.AssertionError: 
1 expectation failed.
Expected status code <200> but was <429>.

	at praktikum.OrderBurgerTest.orderBurgerAuthTest(OrderBurgerTest.java:40)
]]></failure>
    <system-out><![CDATA[Request method:	POST
Request URI:	https://stellarburgers.nomoreparties.site/api/auth/register
Proxy:			<none>
Request params:	<none>
Query params:	<none>
Form params:	<none>
Path params:	<none>
Headers:		Accept=*/*
				Content-Type=application/json
Cookies:		<none>
Multiparts:		<none>
Body:
{
    "email": "3jgC3XbZbV@cZF69FvJ2A.s1lGp7eB8r",
    "password": "BGStnILMm0",
    "name": "Zr3y1JNoxO"
}
HTTP/1.1 429 Too Many Requests
Date: Sat, 17 Dec 2022 09:44:26 GMT
Content-Type: text/html
Transfer-Encoding: chunked
Connection: keep-alive
CF-Cache-Status: DYNAMIC
Report-To: {"endpoints":[{"url":"https:\/\/a.nel.cloudflare.com\/report\/v3?s=O%2BJ1GV7yr7Gnia4PdLBULA8P66Xsu5C%2Ba4SeXDZCYDHwZJhRlxDd0jFgC3tQdyLyXvAaR9op8L7hRJ5uWSVYaJ52EfyC6wumxVZ3BqC4aG9cZ6uUrWeigxdFO3mnE34TV0nrBM3Gzb6ElgZVH6V91qCKASA%3D"}],"group":"cf-nel","max_age":604800}
NEL: {"success_fraction":0,"report_to":"cf-nel","max_age":604800}
Server: cloudflare
CF-RAY: 77aeb85c4f76ac05-KLD
alt-svc: h3=":443"; ma=86400, h3-29=":443"; ma=86400

<html>
  <head>
    <title>429 Too Many Requests</title>
  </head>
  <body>
    <center>
      <h1>429 Too Many Requests</h1>
    </center>
    <hr/>
    <center>nginx/1.18.0 (Ubuntu)</center>
  </body>
</html>
Request method:	POST
Request URI:	https://stellarburgers.nomoreparties.site/api/auth/login
Proxy:			<none>
Request params:	<none>
Query params:	<none>
Form params:	<none>
Path params:	<none>
Headers:		Accept=*/*
				Content-Type=application/json
Cookies:		<none>
Multiparts:		<none>
Body:
{
    "email": "3jgC3XbZbV@cZF69FvJ2A.s1lGp7eB8r",
    "password": "BGStnILMm0"
}
HTTP/1.1 429 Too Many Requests
Date: Sat, 17 Dec 2022 09:44:26 GMT
Content-Type: text/html
Transfer-Encoding: chunked
Connection: keep-alive
CF-Cache-Status: DYNAMIC
Report-To: {"endpoints":[{"url":"https:\/\/a.nel.cloudflare.com\/report\/v3?s=P%2FMK%2FmpSEt9OJxxHQXkBtDFMVr9tGRzicf7lhjZbW6TsZ6%2F67w9fN5qdfwuWi%2F5owgNg0GNuNmicba7PSKOSj5TWcA5l%2BCRpPPuzEtxquLS4DID33IcZV2eT2y%2BgFsIpP25hGq8uP6O9cuxsoJ%2Bu64rM7ec%3D"}],"group":"cf-nel","max_age":604800}
NEL: {"success_fraction":0,"report_to":"cf-nel","max_age":604800}
Server: cloudflare
CF-RAY: 77aeb85cd827ac05-KLD
alt-svc: h3=":443"; ma=86400, h3-29=":443"; ma=86400

<html>
  <head>
    <title>429 Too Many Requests</title>
  </head>
  <body>
    <center>
      <h1>429 Too Many Requests</h1>
    </center>
    <hr/>
    <center>nginx/1.18.0 (Ubuntu)</center>
  </body>
</html>
]]></system-out>
  </testcase>
  <testcase name="orderBurgerNoAuthTest" classname="praktikum.OrderBurgerTest" time="0.308"/>
  <testcase name="getOrderBurgerNoAuthTest" classname="praktikum.OrderBurgerTest" time="0.271"/>
  <testcase name="orderBurgerInvalidHashTest" classname="praktikum.OrderBurgerTest" time="0.138">
    <failure message="1 expectation failed.&#10;Expected status code &lt;200&gt; but was &lt;429&gt;.&#10;" type="java.lang.AssertionError"><![CDATA[java.lang.AssertionError: 
1 expectation failed.
Expected status code <200> but was <429>.

	at praktikum.OrderBurgerTest.orderBurgerInvalidHashTest(OrderBurgerTest.java:75)
]]></failure>
    <system-out><![CDATA[Request method:	POST
Request URI:	https://stellarburgers.nomoreparties.site/api/auth/register
Proxy:			<none>
Request params:	<none>
Query params:	<none>
Form params:	<none>
Path params:	<none>
Headers:		Accept=*/*
				Content-Type=application/json
Cookies:		<none>
Multiparts:		<none>
Body:
{
    "email": "B4dsydfCXO@yBKMHt4m52.Na220wJLWo",
    "password": "RhKJuy3BQ6",
    "name": "L5ZEl4quLB"
}
HTTP/1.1 429 Too Many Requests
Date: Sat, 17 Dec 2022 09:44:27 GMT
Content-Type: text/html
Transfer-Encoding: chunked
Connection: keep-alive
CF-Cache-Status: DYNAMIC
Report-To: {"endpoints":[{"url":"https:\/\/a.nel.cloudflare.com\/report\/v3?s=ZWeT%2FZGBWM31yqFDEthIun9WmgKAQRK%2FMUKrgDB%2BUG6F4oXaNGaMm15iJfBLfr6MWlHZIE3HOSePJ6leS0vdK7Ezo2YRwaKgt2YEYUayQDuMVXC16thpoc61%2FNXbw3GhVYkMqmTQHe%2FbW2AwbnxAMgS71Qw%3D"}],"group":"cf-nel","max_age":604800}
NEL: {"success_fraction":0,"report_to":"cf-nel","max_age":604800}
Server: cloudflare
CF-RAY: 77aeb860f8b6abff-KLD
alt-svc: h3=":443"; ma=86400, h3-29=":443"; ma=86400

<html>
  <head>
    <title>429 Too Many Requests</title>
  </head>
  <body>
    <center>
      <h1>429 Too Many Requests</h1>
    </center>
    <hr/>
    <center>nginx/1.18.0 (Ubuntu)</center>
  </body>
</html>
Request method:	POST
Request URI:	https://stellarburgers.nomoreparties.site/api/auth/login
Proxy:			<none>
Request params:	<none>
Query params:	<none>
Form params:	<none>
Path params:	<none>
Headers:		Accept=*/*
				Content-Type=application/json
Cookies:		<none>
Multiparts:		<none>
Body:
{
    "email": "B4dsydfCXO@yBKMHt4m52.Na220wJLWo",
    "password": "RhKJuy3BQ6"
}
HTTP/1.1 429 Too Many Requests
Date: Sat, 17 Dec 2022 09:44:27 GMT
Content-Type: text/html
Transfer-Encoding: chunked
Connection: keep-alive
CF-Cache-Status: DYNAMIC
Report-To: {"endpoints":[{"url":"https:\/\/a.nel.cloudflare.com\/report\/v3?s=xcPHIwVUgKu3RHmBj4m1oIxolFPyq%2FighWHYl3T1Je0opP%2B57TQvyHnFezFgGfowU9jmtNYGLRXvTGuGourvMPX6N6VQxIkCurYzhy9RV2rT1AVNFStbYl45CbsNajN5bpQYkyIQxcU7xK5qBmGRMJf8x6c%3D"}],"group":"cf-nel","max_age":604800}
NEL: {"success_fraction":0,"report_to":"cf-nel","max_age":604800}
Server: cloudflare
CF-RAY: 77aeb8615a76ac0a-KLD
alt-svc: h3=":443"; ma=86400, h3-29=":443"; ma=86400

<html>
  <head>
    <title>429 Too Many Requests</title>
  </head>
  <body>
    <center>
      <h1>429 Too Many Requests</h1>
    </center>
    <hr/>
    <center>nginx/1.18.0 (Ubuntu)</center>
  </body>
</html>
]]></system-out>
  </testcase>
  <testcase name="getOrderBurgerTest" classname="praktikum.OrderBurgerTest" time="65.057"/>
  <testcase name="orderBurgerNoIngredientsTest" classname="praktikum.OrderBurgerTest" time="0.653">
    <failure message="1 expectation failed.&#10;Expected status code &lt;400&gt; but was &lt;429&gt;.&#10;" type="java.lang.AssertionError"><![CDATA[java.lang.AssertionError: 
1 expectation failed.
Expected status code <400> but was <429>.

	at praktikum.OrderBurgerTest.orderBurgerNoIngredientsTest(OrderBurgerTest.java:67)
]]></failure>
    <system-out><![CDATA[Request method:	POST
Request URI:	https://stellarburgers.nomoreparties.site/api/auth/register
Proxy:			<none>
Request params:	<none>
Query params:	<none>
Form params:	<none>
Path params:	<none>
Headers:		Accept=*/*
				Content-Type=application/json
Cookies:		<none>
Multiparts:		<none>
Body:
{
    "email": "aJK16DDIGi@fn2XZb0bYG.TNd1WShv7r",
    "password": "6FarVWFVkJ",
    "name": "JUmi2aUUxX"
}
HTTP/1.1 200 OK
Date: Sat, 17 Dec 2022 09:45:32 GMT
Content-Type: application/json; charset=utf-8
Transfer-Encoding: chunked
Connection: keep-alive
X-Powered-By: Express
Access-Control-Allow-Origin: *
authorization: Bearer eyJhbGciOiJIUzI1NiIsInR5cCI6IkpXVCJ9.eyJpZCI6IjYzOWQ4ZmJjYzE2MWRhMDAxYjc5ZWIwNyIsImlhdCI6MTY3MTI3MDMzMiwiZXhwIjoxNjcxMjcxNTMyfQ.XLwNot88VW_Ql3eV3QRcUiezeANSpwWr-qQThb0PCsM
ETag: W/"17d-WmSy192rMDWCdyWjGrYJyogmw3I"
CF-Cache-Status: DYNAMIC
Report-To: {"endpoints":[{"url":"https:\/\/a.nel.cloudflare.com\/report\/v3?s=X6b%2Fc7w7k91z4KztUYIZPs5%2BjFYuNnuAgAzUOEdoeZOF3E5hxKJeAFlUJ5ZO6%2F2XBp3a61ufkK6%2Boasas87UxTBj0IGKyWyncYLBmelYfivLojRI4RtqTf7hj0wjYZmy1%2FhAMLFJS%2Fr0JykG3ASrzLsjUzw%3D"}],"group":"cf-nel","max_age":604800}
NEL: {"success_fraction":0,"report_to":"cf-nel","max_age":604800}
Server: cloudflare
CF-RAY: 77aeb9f869b5abff-KLD
Content-Encoding: gzip
alt-svc: h3=":443"; ma=86400, h3-29=":443"; ma=86400

{
    "success": true,
    "user": {
        "email": "ajk16ddigi@fn2xzb0byg.tnd1wshv7r",
        "name": "JUmi2aUUxX"
    },
    "accessToken": "Bearer eyJhbGciOiJIUzI1NiIsInR5cCI6IkpXVCJ9.eyJpZCI6IjYzOWQ4ZmJjYzE2MWRhMDAxYjc5ZWIwNyIsImlhdCI6MTY3MTI3MDMzMiwiZXhwIjoxNjcxMjcxNTMyfQ.XLwNot88VW_Ql3eV3QRcUiezeANSpwWr-qQThb0PCsM",
    "refreshToken": "1397c5e69913112421fa09ecb5201d0cb1d84d60f64f85bfde32508cf0684dd7e851f5787483e604"
}
Request method:	POST
Request URI:	https://stellarburgers.nomoreparties.site/api/auth/login
Proxy:			<none>
Request params:	<none>
Query params:	<none>
Form params:	<none>
Path params:	<none>
Headers:		Accept=*/*
				Content-Type=application/json
Cookies:		<none>
Multiparts:		<none>
Body:
{
    "email": "aJK16DDIGi@fn2XZb0bYG.TNd1WShv7r",
    "password": "6FarVWFVkJ"
}
HTTP/1.1 200 OK
Date: Sat, 17 Dec 2022 09:45:32 GMT
Content-Type: application/json; charset=utf-8
Transfer-Encoding: chunked
Connection: keep-alive
X-Powered-By: Express
Access-Control-Allow-Origin: *
ETag: W/"17d-az5qVakNT6JNSriB0Q+TU3PLy18"
CF-Cache-Status: DYNAMIC
Report-To: {"endpoints":[{"url":"https:\/\/a.nel.cloudflare.com\/report\/v3?s=n%2BXS93IlalA2%2BmvHk4DmE9lfR%2BloMmf3ETZitTqlOe%2Bv4g0vYGVeAp1jSxi49Jdolk1OM2QTsjA7j33UjuiIYfJk0WWvzHOExBhF%2FzAqZKcGDyUoEc7%2BPwanMAJtM0nKgoFzYiZumGgPy04Wo%2BAyWMcwJe4%3D"}],"group":"cf-nel","max_age":604800}
NEL: {"success_fraction":0,"report_to":"cf-nel","max_age":604800}
Server: cloudflare
CF-RAY: 77aeb9f98b9eabff-KLD
Content-Encoding: gzip
alt-svc: h3=":443"; ma=86400, h3-29=":443"; ma=86400

{
    "success": true,
    "accessToken": "Bearer eyJhbGciOiJIUzI1NiIsInR5cCI6IkpXVCJ9.eyJpZCI6IjYzOWQ4ZmJjYzE2MWRhMDAxYjc5ZWIwNyIsImlhdCI6MTY3MTI3MDMzMiwiZXhwIjoxNjcxMjcxNTMyfQ.XLwNot88VW_Ql3eV3QRcUiezeANSpwWr-qQThb0PCsM",
    "refreshToken": "58034faab4af8a31d3431e235f3b7c80bf5ee7b1657952c769aff554409e2a2e80c5560423a6583e",
    "user": {
        "email": "ajk16ddigi@fn2xzb0byg.tnd1wshv7r",
        "name": "JUmi2aUUxX"
    }
}
Request method:	POST
Request URI:	https://stellarburgers.nomoreparties.site/api/orders
Proxy:			<none>
Request params:	<none>
Query params:	<none>
Form params:	<none>
Path params:	<none>
Headers:		Authorization=Bearer eyJhbGciOiJIUzI1NiIsInR5cCI6IkpXVCJ9.eyJpZCI6IjYzOWQ4ZmJjYzE2MWRhMDAxYjc5ZWIwNyIsImlhdCI6MTY3MTI3MDMzMiwiZXhwIjoxNjcxMjcxNTMyfQ.XLwNot88VW_Ql3eV3QRcUiezeANSpwWr-qQThb0PCsM
				Accept=*/*
				Content-Type=application/json
Cookies:		<none>
Multiparts:		<none>
Body:			<none>
HTTP/1.1 429 Too Many Requests
Date: Sat, 17 Dec 2022 09:45:32 GMT
Content-Type: text/html
Transfer-Encoding: chunked
Connection: keep-alive
CF-Cache-Status: DYNAMIC
Report-To: {"endpoints":[{"url":"https:\/\/a.nel.cloudflare.com\/report\/v3?s=9mRLpsteB1boK2Zdkx7WS3f8XxqfWqMaseLzlEStihFw1KpOoMnbjqLuegoj1fI8C9t2sV38U05CQszc%2FYYAWA30g3Y6HFRz8SBoET13stTA2VfDelGzu4jQfBwjIIIXcpfRSkAF4DpqdlaJBxN5holmJL4%3D"}],"group":"cf-nel","max_age":604800}
NEL: {"success_fraction":0,"report_to":"cf-nel","max_age":604800}
Server: cloudflare
CF-RAY: 77aeb9faaa4dac0b-KLD
alt-svc: h3=":443"; ma=86400, h3-29=":443"; ma=86400

<html>
  <head>
    <title>429 Too Many Requests</title>
  </head>
  <body>
    <center>
      <h1>429 Too Many Requests</h1>
    </center>
    <hr/>
    <center>nginx/1.18.0 (Ubuntu)</center>
  </body>
</html>
Request method:	DELETE
Request URI:	https://stellarburgers.nomoreparties.site/api/auth/user
Proxy:			<none>
Request params:	<none>
Query params:	<none>
Form params:	<none>
Path params:	<none>
Headers:		Authorization=Bearer eyJhbGciOiJIUzI1NiIsInR5cCI6IkpXVCJ9.eyJpZCI6IjYzOWQ4ZmJjYzE2MWRhMDAxYjc5ZWIwNyIsImlhdCI6MTY3MTI3MDMzMiwiZXhwIjoxNjcxMjcxNTMyfQ.XLwNot88VW_Ql3eV3QRcUiezeANSpwWr-qQThb0PCsM
				Accept=*/*
				Content-Type=application/json
Cookies:		<none>
Multiparts:		<none>
Body:			<none>
HTTP/1.1 202 Accepted
Date: Sat, 17 Dec 2022 09:45:32 GMT
Content-Type: application/json; charset=utf-8
Content-Length: 54
Connection: keep-alive
X-Powered-By: Express
Access-Control-Allow-Origin: *
ETag: W/"36-hDmZnQ3Ou/ynnqAeC6TYmyseuzY"
CF-Cache-Status: DYNAMIC
Report-To: {"endpoints":[{"url":"https:\/\/a.nel.cloudflare.com\/report\/v3?s=1AqwCO5fmKmGcT%2Fr2cgsF3%2Br9bCxaD8TLDz4UCI1r9JJ%2BeVc8fuUJcJJSSuU9pGch5vzii48yjE8x9tHkhMb%2F9%2ByJmUImHH6aVRwsKMy2HrlhidnbfY7DcOgqLw%2BiwtEGW%2FiQcHLMlQmfdiLvbETmp2af7c%3D"}],"group":"cf-nel","max_age":604800}
NEL: {"success_fraction":0,"report_to":"cf-nel","max_age":604800}
Server: cloudflare
CF-RAY: 77aeb9fb283fabf9-KLD
alt-svc: h3=":443"; ma=86400, h3-29=":443"; ma=86400

{
    "success": true,
    "message": "User successfully removed"
}
]]></system-out>
  </testcase>
</testsuite>