<?xml version="1.0" encoding="UTF-8"?>
<testsuite xmlns:xsi="http://www.w3.org/2001/XMLSchema-instance" xsi:noNamespaceSchemaLocation="https://maven.apache.org/surefire/maven-surefire-plugin/xsd/surefire-test-report.xsd" name="praktikum.LoginUserTest" time="0.904" tests="4" errors="1" skipped="0" failures="2">
  <properties>
[...]
</properties>
  <testcase name="loginUserTest" classname="praktikum.LoginUserTest" time="0.157">
    <failure message="1 expectation failed.&#10;Expected status code &lt;200&gt; but was &lt;401&gt;.&#10;" type="java.lang.AssertionError"><![CDATA[java.lang.AssertionError: 
1 expectation failed.
Expected status code <200> but was <401>.

	at praktikum.LoginUserTest.loginUserTest(LoginUserTest.java:40)
]]></failure>
    <system-out><![CDATA[Request method:	POST
Request URI:	https://stellarburgers.nomoreparties.site/api/auth/register
Proxy:			<none>
Request params:	<none>
Query params:	<none>
Form params:	<none>
Path params:	<none>
Headers:		Accept=*/*
				Content-Type=application/json
Cookies:		<none>
Multiparts:		<none>
Body:
{
    "email": "zQVe3eacHH@9yV7SONrnQ.viJ3DAKxrK",
    "password": "EKOZqHmhyW",
    "name": "Orixwp4sT5"
}
HTTP/1.1 429 Too Many Requests
Date: Sat, 17 Dec 2022 09:44:25 GMT
Content-Type: text/html
Transfer-Encoding: chunked
Connection: keep-alive
CF-Cache-Status: DYNAMIC
Report-To: {"endpoints":[{"url":"https:\/\/a.nel.cloudflare.com\/report\/v3?s=8NlVcV7Vg%2FV81EEmEjSoqd4EqScmZG6GX6lZu6F525Fx%2BCkO4tzEjJFZ7gOD72Iam72aZyMbX6g60M%2F7qFiDCFDO8lomKk0Axx397yMpJLq28ovP6GmuJKbC%2BjGjTvioTBOvtrruhqbYyaYRTUBhrjjeqno%3D"}],"group":"cf-nel","max_age":604800}
NEL: {"success_fraction":0,"report_to":"cf-nel","max_age":604800}
Server: cloudflare
CF-RAY: 77aeb8569d3bac0b-KLD
alt-svc: h3=":443"; ma=86400, h3-29=":443"; ma=86400

<html>
  <head>
    <title>429 Too Many Requests</title>
  </head>
  <body>
    <center>
      <h1>429 Too Many Requests</h1>
    </center>
    <hr/>
    <center>nginx/1.18.0 (Ubuntu)</center>
  </body>
</html>
Request method:	POST
Request URI:	https://stellarburgers.nomoreparties.site/api/auth/login
Proxy:			<none>
Request params:	<none>
Query params:	<none>
Form params:	<none>
Path params:	<none>
Headers:		Accept=*/*
				Content-Type=application/json
Cookies:		<none>
Multiparts:		<none>
Body:
{
    "email": "zQVe3eacHH@9yV7SONrnQ.viJ3DAKxrK",
    "password": "EKOZqHmhyW"
}
HTTP/1.1 401 Unauthorized
Date: Sat, 17 Dec 2022 09:44:25 GMT
Content-Type: application/json; charset=utf-8
Content-Length: 61
Connection: keep-alive
X-Powered-By: Express
Access-Control-Allow-Origin: *
ETag: W/"3d-ad9nrqlzQBuoZ0AId1U3rIgKU84"
CF-Cache-Status: DYNAMIC
Report-To: {"endpoints":[{"url":"https:\/\/a.nel.cloudflare.com\/report\/v3?s=0uyX8WHAubV9XqpRKJjPy4YeI1uU61EWKJVXEXro7PRjfT6Y8GraNIydq9QXhxJkK2uSnEpmOWJwELKs4vG4OLTplrgHyi%2FC6ciw8sqBppIv1qCJBVJDnmvOpS56e0fBNuG5W7hwFEkeXZMSWLTH%2Fakk0gQ%3D"}],"group":"cf-nel","max_age":604800}
NEL: {"success_fraction":0,"report_to":"cf-nel","max_age":604800}
Server: cloudflare
CF-RAY: 77aeb8571f0babf3-KLD
alt-svc: h3=":443"; ma=86400, h3-29=":443"; ma=86400

{
    "success": false,
    "message": "email or password are incorrect"
}
]]></system-out>
  </testcase>
  <testcase name="updateUserTest" classname="praktikum.LoginUserTest" time="0.285">
    <error message="class io.restassured.path.xml.XmlPath cannot be cast to class java.lang.String (io.restassured.path.xml.XmlPath is in unnamed module of loader &apos;app&apos;; java.lang.String is in module java.base of loader &apos;bootstrap&apos;)" type="java.lang.ClassCastException">java.lang.ClassCastException: class io.restassured.path.xml.XmlPath cannot be cast to class java.lang.String (io.restassured.path.xml.XmlPath is in unnamed module of loader 'app'; java.lang.String is in module java.base of loader 'bootstrap')
	at praktikum.LoginUserTest.updateUserTest(LoginUserTest.java:55)
</error>
    <system-out><![CDATA[Request method:	POST
Request URI:	https://stellarburgers.nomoreparties.site/api/auth/register
Proxy:			<none>
Request params:	<none>
Query params:	<none>
Form params:	<none>
Path params:	<none>
Headers:		Accept=*/*
				Content-Type=application/json
Cookies:		<none>
Multiparts:		<none>
Body:
{
    "email": "Ym2Iy85Bdn@unGb3dLiRh.kASvXghxI2",
    "password": "eg5lQc4ts6",
    "name": "GI9Q72NmEV"
}
HTTP/1.1 200 OK
Date: Sat, 17 Dec 2022 09:44:25 GMT
Content-Type: application/json; charset=utf-8
Transfer-Encoding: chunked
Connection: keep-alive
X-Powered-By: Express
Access-Control-Allow-Origin: *
authorization: Bearer eyJhbGciOiJIUzI1NiIsInR5cCI6IkpXVCJ9.eyJpZCI6IjYzOWQ4Zjc5YzE2MWRhMDAxYjc5ZWFmYyIsImlhdCI6MTY3MTI3MDI2NSwiZXhwIjoxNjcxMjcxNDY1fQ.Qkftc88n7mJokD0yPVp-nRKIb34bNWVAUllG1tHs6Yk
ETag: W/"17d-5EkCscvCgCKACBS6pkMY4Qckxx0"
CF-Cache-Status: DYNAMIC
Report-To: {"endpoints":[{"url":"https:\/\/a.nel.cloudflare.com\/report\/v3?s=yBtaHsPYtTNJ7yiTYyB89QjvTavZI4HksYtwU4qZkAtNmi2ZVZdCaDEfN2Frd2DlHHJhgwa0iJmKXSJdSUj74kuM%2BvxRsigICc8gxbrc3ImSefFOzc%2FBwjEjR9kIpe6NahlIwvC5pcLsbqFFeGwO9Y%2FErCQ%3D"}],"group":"cf-nel","max_age":604800}
NEL: {"success_fraction":0,"report_to":"cf-nel","max_age":604800}
Server: cloudflare
CF-RAY: 77aeb857ab2aabfe-KLD
Content-Encoding: gzip
alt-svc: h3=":443"; ma=86400, h3-29=":443"; ma=86400

{
    "success": true,
    "user": {
        "email": "ym2iy85bdn@ungb3dlirh.kasvxghxi2",
        "name": "GI9Q72NmEV"
    },
    "accessToken": "Bearer eyJhbGciOiJIUzI1NiIsInR5cCI6IkpXVCJ9.eyJpZCI6IjYzOWQ4Zjc5YzE2MWRhMDAxYjc5ZWFmYyIsImlhdCI6MTY3MTI3MDI2NSwiZXhwIjoxNjcxMjcxNDY1fQ.Qkftc88n7mJokD0yPVp-nRKIb34bNWVAUllG1tHs6Yk",
    "refreshToken": "46b347d76883ea9413b608157f481aeacc016d28648bc67a6539a7884e92359b145962fe3115c30d"
}
Request method:	POST
Request URI:	https://stellarburgers.nomoreparties.site/api/auth/login
Proxy:			<none>
Request params:	<none>
Query params:	<none>
Form params:	<none>
Path params:	<none>
Headers:		Accept=*/*
				Content-Type=application/json
Cookies:		<none>
Multiparts:		<none>
Body:
{
    "email": "Ym2Iy85Bdn@unGb3dLiRh.kASvXghxI2",
    "password": "eg5lQc4ts6"
}
HTTP/1.1 429 Too Many Requests
Date: Sat, 17 Dec 2022 09:44:25 GMT
Content-Type: text/html
Transfer-Encoding: chunked
Connection: keep-alive
CF-Cache-Status: DYNAMIC
Report-To: {"endpoints":[{"url":"https:\/\/a.nel.cloudflare.com\/report\/v3?s=bu1R5%2F9vHzzuzlllw2AMkwj16xjh4ShOk7S1EriULqGBNvCyrn%2BsWcTUvsocqkN9K9YiQyIn4MenXa1RYQ7UvaA4YzQk9%2BaDo%2Fp2nRRHKoHn3EhR6K%2BmGpi2G3szaTPLo1eECz%2F26dfw9RNN94CpiGgJQhA%3D"}],"group":"cf-nel","max_age":604800}
NEL: {"success_fraction":0,"report_to":"cf-nel","max_age":604800}
Server: cloudflare
CF-RAY: 77aeb858b8ffac0b-KLD
alt-svc: h3=":443"; ma=86400, h3-29=":443"; ma=86400

<html>
  <head>
    <title>429 Too Many Requests</title>
  </head>
  <body>
    <center>
      <h1>429 Too Many Requests</h1>
    </center>
    <hr/>
    <center>nginx/1.18.0 (Ubuntu)</center>
  </body>
</html>
]]></system-out>
  </testcase>
  <testcase name="loginNotFoundUserTest" classname="praktikum.LoginUserTest" time="0.113">
    <failure message="1 expectation failed.&#10;Expected status code &lt;401&gt; but was &lt;429&gt;.&#10;" type="java.lang.AssertionError"><![CDATA[java.lang.AssertionError: 
1 expectation failed.
Expected status code <401> but was <429>.

	at praktikum.LoginUserTest.loginNotFoundUserTest(LoginUserTest.java:48)
]]></failure>
    <system-out><![CDATA[Request method:	POST
Request URI:	https://stellarburgers.nomoreparties.site/api/auth/login
Proxy:			<none>
Request params:	<none>
Query params:	<none>
Form params:	<none>
Path params:	<none>
Headers:		Accept=*/*
				Content-Type=application/json
Cookies:		<none>
Multiparts:		<none>
Body:
{
    "email": "RfmqxKEFHq@LCEfY1c8At.QBP2Zjw58M",
    "password": "tSij2W7adu"
}
HTTP/1.1 429 Too Many Requests
Date: Sat, 17 Dec 2022 09:44:25 GMT
Content-Type: text/html
Transfer-Encoding: chunked
Connection: keep-alive
CF-Cache-Status: DYNAMIC
Report-To: {"endpoints":[{"url":"https:\/\/a.nel.cloudflare.com\/report\/v3?s=yzx9PSyM3fK0dO31KDHkfethuBizPhEKDXHf4sQuB%2FM7gKEP%2BbuFsnzKOyOJBeC5raWXGCwR3JN4eh%2FtPbiYBDT5YJkrbV9WoyEKL3w7iLFHyWThkQeKzzUkWuHrrjnn8KVUo%2B9r0aGUMXDYcevFZQx9Mms%3D"}],"group":"cf-nel","max_age":604800}
NEL: {"success_fraction":0,"report_to":"cf-nel","max_age":604800}
Server: cloudflare
CF-RAY: 77aeb8599c87ac0a-KLD
alt-svc: h3=":443"; ma=86400, h3-29=":443"; ma=86400

<html>
  <head>
    <title>429 Too Many Requests</title>
  </head>
  <body>
    <center>
      <h1>429 Too Many Requests</h1>
    </center>
    <hr/>
    <center>nginx/1.18.0 (Ubuntu)</center>
  </body>
</html>
]]></system-out>
  </testcase>
  <testcase name="updateUserNoAuthTest" classname="praktikum.LoginUserTest" time="0.347"/>
</testsuite>